<?xml version="1.0" ?>
<coverage version="7.6.10" timestamp="1738326803783" lines-valid="79" lines-covered="79" line-rate="1" branches-valid="24" branches-covered="23" branch-rate="0.9583" complexity="0">
	<!-- Generated by coverage.py: https://coverage.readthedocs.io/en/7.6.10 -->
	<!-- Based on https://raw.githubusercontent.com/cobertura/web/master/htdocs/xml/coverage-04.dtd -->
	<sources>
		<source>/home/pietro/canonical/tempo-worker-k8s-operator/src</source>
	</sources>
	<packages>
		<package name="." line-rate="1" branch-rate="0.9583" complexity="0">
			<classes>
				<class name="charm.py" filename="charm.py" complexity="0" line-rate="1" branch-rate="1">
					<methods/>
					<lines>
						<line number="10" hits="1"/>
						<line number="12" hits="1"/>
						<line number="13" hits="1"/>
						<line number="14" hits="1"/>
						<line number="16" hits="1"/>
						<line number="17" hits="1"/>
						<line number="19" hits="1"/>
						<line number="22" hits="1"/>
						<line number="27" hits="1"/>
						<line number="30" hits="1"/>
						<line number="31" hits="1"/>
						<line number="34" hits="1"/>
						<line number="36" hits="1"/>
						<line number="39" hits="1"/>
						<line number="40" hits="1"/>
						<line number="42" hits="1"/>
						<line number="44" hits="1"/>
						<line number="45" hits="1" branch="true" condition-coverage="100% (2/2)"/>
						<line number="46" hits="1"/>
						<line number="47" hits="1" branch="true" condition-coverage="100% (2/2)"/>
						<line number="52" hits="1" branch="true" condition-coverage="100% (2/2)"/>
						<line number="53" hits="1"/>
						<line number="58" hits="1" branch="true" condition-coverage="100% (2/2)"/>
						<line number="59" hits="1"/>
						<line number="67" hits="1"/>
					</lines>
				</class>
				<class name="tempo.py" filename="tempo.py" complexity="0" line-rate="1" branch-rate="0.9375">
					<methods/>
					<lines>
						<line number="6" hits="1"/>
						<line number="7" hits="1"/>
						<line number="8" hits="1"/>
						<line number="10" hits="1"/>
						<line number="11" hits="1"/>
						<line number="12" hits="1"/>
						<line number="13" hits="1"/>
						<line number="15" hits="1"/>
						<line number="18" hits="1"/>
						<line number="22" hits="1"/>
						<line number="26" hits="1"/>
						<line number="30" hits="1"/>
						<line number="33" hits="1"/>
						<line number="34" hits="1"/>
						<line number="36" hits="1"/>
						<line number="38" hits="1"/>
						<line number="39" hits="1"/>
						<line number="50" hits="1"/>
						<line number="51" hits="1"/>
						<line number="53" hits="1"/>
						<line number="54" hits="1"/>
						<line number="56" hits="1"/>
						<line number="57" hits="1"/>
						<line number="59" hits="1"/>
						<line number="60" hits="1" branch="true" condition-coverage="100% (2/2)"/>
						<line number="61" hits="1"/>
						<line number="63" hits="1"/>
						<line number="65" hits="1"/>
						<line number="69" hits="1" branch="true" condition-coverage="100% (2/2)"/>
						<line number="70" hits="1" branch="true" condition-coverage="50% (1/2)" missing-branches="72"/>
						<line number="71" hits="1"/>
						<line number="72" hits="1"/>
						<line number="76" hits="1"/>
						<line number="78" hits="1"/>
						<line number="79" hits="1"/>
						<line number="85" hits="1"/>
						<line number="86" hits="1" branch="true" condition-coverage="100% (2/2)"/>
						<line number="87" hits="1"/>
						<line number="90" hits="1"/>
						<line number="91" hits="1" branch="true" condition-coverage="100% (2/2)"/>
						<line number="92" hits="1"/>
						<line number="93" hits="1" branch="true" condition-coverage="100% (2/2)"/>
						<line number="96" hits="1" branch="true" condition-coverage="100% (2/2)"/>
						<line number="97" hits="1"/>
						<line number="103" hits="1"/>
						<line number="106" hits="1"/>
						<line number="107" hits="1" branch="true" condition-coverage="100% (2/2)"/>
						<line number="110" hits="1"/>
						<line number="111" hits="1"/>
						<line number="125" hits="1"/>
						<line number="141" hits="1"/>
						<line number="142" hits="1"/>
						<line number="144" hits="1"/>
						<line number="145" hits="1"/>
					</lines>
				</class>
			</classes>
		</package>
	</packages>
</coverage>
